<?xml version="1.0" encoding="UTF-8"?>
<coverage generated="1642612996525" clover="3.2.0">
  <project timestamp="1642612996525" name="All files">
    <metrics statements="72" coveredstatements="18" conditionals="24" coveredconditionals="2" methods="24" coveredmethods="4" elements="120" coveredelements="24" complexity="0" loc="72" ncloc="72" packages="2" files="4" classes="4"/>
    <package name="components">
      <metrics statements="66" coveredstatements="12" conditionals="20" coveredconditionals="0" methods="22" coveredmethods="2"/>
      <file name="InstalledSDK.js" path="/Users/simonhowden/projects/reactjs/src/components/InstalledSDK.js">
        <metrics statements="25" coveredstatements="2" conditionals="10" coveredconditionals="0" methods="9" coveredmethods="0"/>
        <line num="10" count="1" type="stmt"/>
        <line num="25" count="1" type="stmt"/>
        <line num="26" count="0" type="stmt"/>
        <line num="27" count="0" type="stmt"/>
        <line num="28" count="0" type="stmt"/>
        <line num="29" count="0" type="stmt"/>
        <line num="31" count="0" type="stmt"/>
        <line num="32" count="0" type="stmt"/>
        <line num="35" count="0" type="stmt"/>
        <line num="36" count="0" type="stmt"/>
        <line num="38" count="0" type="stmt"/>
        <line num="39" count="0" type="stmt"/>
        <line num="40" count="0" type="cond" truecount="0" falsecount="2"/>
        <line num="41" count="0" type="stmt"/>
        <line num="44" count="0" type="stmt"/>
        <line num="45" count="0" type="stmt"/>
        <line num="46" count="0" type="stmt"/>
        <line num="53" count="0" type="stmt"/>
        <line num="57" count="0" type="stmt"/>
        <line num="58" count="0" type="stmt"/>
        <line num="61" count="0" type="stmt"/>
        <line num="87" count="0" type="stmt"/>
        <line num="91" count="0" type="cond" truecount="0" falsecount="2"/>
        <line num="92" count="0" type="stmt"/>
        <line num="96" count="0" type="stmt"/>
      </file>
      <file name="SDKSwitch.js" path="/Users/simonhowden/projects/reactjs/src/components/SDKSwitch.js">
        <metrics statements="16" coveredstatements="8" conditionals="0" coveredconditionals="0" methods="4" coveredmethods="2"/>
        <line num="7" count="2" type="stmt"/>
        <line num="24" count="2" type="stmt"/>
        <line num="28" count="2" type="stmt"/>
        <line num="29" count="2" type="stmt"/>
        <line num="30" count="2" type="stmt"/>
        <line num="32" count="2" type="stmt"/>
        <line num="33" count="0" type="stmt"/>
        <line num="34" count="0" type="stmt"/>
        <line num="35" count="0" type="stmt"/>
        <line num="36" count="0" type="stmt"/>
        <line num="39" count="2" type="stmt"/>
        <line num="40" count="0" type="stmt"/>
        <line num="41" count="0" type="stmt"/>
        <line num="42" count="0" type="stmt"/>
        <line num="43" count="0" type="stmt"/>
        <line num="46" count="2" type="stmt"/>
      </file>
      <file name="UninstalledSDK.js" path="/Users/simonhowden/projects/reactjs/src/components/UninstalledSDK.js">
        <metrics statements="25" coveredstatements="2" conditionals="10" coveredconditionals="0" methods="9" coveredmethods="0"/>
        <line num="10" count="1" type="stmt"/>
        <line num="25" count="1" type="stmt"/>
        <line num="26" count="0" type="stmt"/>
        <line num="27" count="0" type="stmt"/>
        <line num="28" count="0" type="stmt"/>
        <line num="29" count="0" type="stmt"/>
        <line num="31" count="0" type="stmt"/>
        <line num="32" count="0" type="stmt"/>
        <line num="35" count="0" type="stmt"/>
        <line num="36" count="0" type="stmt"/>
        <line num="38" count="0" type="stmt"/>
        <line num="39" count="0" type="stmt"/>
        <line num="40" count="0" type="cond" truecount="0" falsecount="2"/>
        <line num="41" count="0" type="stmt"/>
        <line num="44" count="0" type="stmt"/>
        <line num="45" count="0" type="stmt"/>
        <line num="46" count="0" type="stmt"/>
        <line num="53" count="0" type="stmt"/>
        <line num="57" count="0" type="stmt"/>
        <line num="58" count="0" type="stmt"/>
        <line num="61" count="0" type="stmt"/>
        <line num="87" count="0" type="stmt"/>
        <line num="91" count="0" type="cond" truecount="0" falsecount="2"/>
        <line num="92" count="0" type="stmt"/>
        <line num="96" count="0" type="stmt"/>
      </file>
    </package>
    <package name="layouts">
      <metrics statements="6" coveredstatements="6" conditionals="4" coveredconditionals="2" methods="2" coveredmethods="2"/>
      <file name="Home.js" path="/Users/simonhowden/projects/reactjs/src/layouts/Home.js">
        <metrics statements="6" coveredstatements="6" conditionals="4" coveredconditionals="2" methods="2" coveredmethods="2"/>
        <line num="9" count="1" type="stmt"/>
        <line num="18" count="1" type="stmt"/>
        <line num="19" count="1" type="stmt"/>
        <line num="20" count="1" type="stmt"/>
        <line num="21" count="1" type="stmt"/>
        <line num="23" count="1" type="stmt"/>
      </file>
    </package>
  </project>
</coverage>
