{"/Users/simonhowden/projects/reactjs/src/components/InstalledSDK.js": {"path":"/Users/simonhowden/projects/reactjs/src/components/InstalledSDK.js","statementMap":{"0":{"start":{"line":10,"column":27},"end":{"line":23,"column":3}},"1":{"start":{"line":10,"column":50},"end":{"line":23,"column":1}},"2":{"start":{"line":25,"column":21},"end":{"line":114,"column":1}},"3":{"start":{"line":26,"column":18},"end":{"line":26,"column":38}},"4":{"start":{"line":27,"column":38},"end":{"line":27,"column":59}},"5":{"start":{"line":28,"column":26},"end":{"line":28,"column":44}},"6":{"start":{"line":29,"column":46},"end":{"line":29,"column":64}},"7":{"start":{"line":31,"column":2},"end":{"line":49,"column":9}},"8":{"start":{"line":32,"column":4},"end":{"line":47,"column":8}},"9":{"start":{"line":35,"column":8},"end":{"line":35,"column":49}},"10":{"start":{"line":36,"column":8},"end":{"line":36,"column":20}},"11":{"start":{"line":38,"column":19},"end":{"line":38,"column":21}},"12":{"start":{"line":39,"column":8},"end":{"line":43,"column":11}},"13":{"start":{"line":40,"column":10},"end":{"line":42,"column":11}},"14":{"start":{"line":41,"column":12},"end":{"line":41,"column":55}},"15":{"start":{"line":44,"column":8},"end":{"line":44,"column":20}},"16":{"start":{"line":45,"column":8},"end":{"line":45,"column":32}},"17":{"start":{"line":46,"column":8},"end":{"line":46,"column":28}},"18":{"start":{"line":53,"column":4},"end":{"line":53,"column":83}},"19":{"start":{"line":57,"column":23},"end":{"line":57,"column":37}},"20":{"start":{"line":58,"column":4},"end":{"line":58,"column":39}},"21":{"start":{"line":61,"column":2},"end":{"line":113,"column":4}},"22":{"start":{"line":87,"column":28},"end":{"line":100,"column":29}},"23":{"start":{"line":91,"column":34},"end":{"line":97,"column":35}},"24":{"start":{"line":92,"column":36},"end":{"line":94,"column":37}},"25":{"start":{"line":96,"column":36},"end":{"line":96,"column":47}}},"fnMap":{"0":{"name":"(anonymous_0)","decl":{"start":{"line":10,"column":38},"end":{"line":10,"column":39}},"loc":{"start":{"line":10,"column":50},"end":{"line":23,"column":1}},"line":10},"1":{"name":"(anonymous_1)","decl":{"start":{"line":25,"column":21},"end":{"line":25,"column":22}},"loc":{"start":{"line":25,"column":27},"end":{"line":114,"column":1}},"line":25},"2":{"name":"(anonymous_2)","decl":{"start":{"line":31,"column":12},"end":{"line":31,"column":13}},"loc":{"start":{"line":31,"column":18},"end":{"line":49,"column":3}},"line":31},"3":{"name":"(anonymous_3)","decl":{"start":{"line":33,"column":12},"end":{"line":33,"column":13}},"loc":{"start":{"line":33,"column":19},"end":{"line":47,"column":7}},"line":33},"4":{"name":"(anonymous_4)","decl":{"start":{"line":39,"column":39},"end":{"line":39,"column":40}},"loc":{"start":{"line":39,"column":55},"end":{"line":43,"column":9}},"line":39},"5":{"name":"custom_sort","decl":{"start":{"line":52,"column":11},"end":{"line":52,"column":22}},"loc":{"start":{"line":52,"column":29},"end":{"line":54,"column":3}},"line":52},"6":{"name":"getReadableDate","decl":{"start":{"line":56,"column":11},"end":{"line":56,"column":26}},"loc":{"start":{"line":56,"column":33},"end":{"line":59,"column":3}},"line":56},"7":{"name":"(anonymous_7)","decl":{"start":{"line":86,"column":46},"end":{"line":86,"column":47}},"loc":{"start":{"line":86,"column":78},"end":{"line":101,"column":27}},"line":86},"8":{"name":"(anonymous_8)","decl":{"start":{"line":90,"column":61},"end":{"line":90,"column":62}},"loc":{"start":{"line":90,"column":79},"end":{"line":98,"column":33}},"line":90}},"branchMap":{"0":{"loc":{"start":{"line":40,"column":10},"end":{"line":42,"column":11}},"type":"if","locations":[{"start":{"line":40,"column":10},"end":{"line":42,"column":11}},{"start":{},"end":{}}],"line":40},"1":{"loc":{"start":{"line":72,"column":19},"end":{"line":73,"column":127}},"type":"binary-expr","locations":[{"start":{"line":72,"column":19},"end":{"line":72,"column":38}},{"start":{"line":73,"column":20},"end":{"line":73,"column":127}}],"line":72},"2":{"loc":{"start":{"line":76,"column":17},"end":{"line":79,"column":25}},"type":"binary-expr","locations":[{"start":{"line":76,"column":17},"end":{"line":76,"column":36}},{"start":{"line":77,"column":18},"end":{"line":79,"column":25}}],"line":76},"3":{"loc":{"start":{"line":82,"column":19},"end":{"line":104,"column":23}},"type":"binary-expr","locations":[{"start":{"line":82,"column":19},"end":{"line":82,"column":38}},{"start":{"line":83,"column":20},"end":{"line":104,"column":23}}],"line":82},"4":{"loc":{"start":{"line":91,"column":34},"end":{"line":97,"column":35}},"type":"if","locations":[{"start":{"line":91,"column":34},"end":{"line":97,"column":35}},{"start":{"line":95,"column":41},"end":{"line":97,"column":35}}],"line":91}},"s":{"0":1,"1":0,"2":1,"3":0,"4":0,"5":0,"6":0,"7":0,"8":0,"9":0,"10":0,"11":0,"12":0,"13":0,"14":0,"15":0,"16":0,"17":0,"18":0,"19":0,"20":0,"21":0,"22":0,"23":0,"24":0,"25":0},"f":{"0":0,"1":0,"2":0,"3":0,"4":0,"5":0,"6":0,"7":0,"8":0},"b":{"0":[0,0],"1":[0,0],"2":[0,0],"3":[0,0],"4":[0,0]},"_coverageSchema":"1a1c01bbd47fc00a2c39e90264f33305004495a9","hash":"b7f3fe98ebd426d6f2c21a979d3ffd571183e12e"}
,"/Users/simonhowden/projects/reactjs/src/components/SDKSwitch.js": {"path":"/Users/simonhowden/projects/reactjs/src/components/SDKSwitch.js","statementMap":{"0":{"start":{"line":7,"column":24},"end":{"line":22,"column":3}},"1":{"start":{"line":7,"column":47},"end":{"line":22,"column":1}},"2":{"start":{"line":24,"column":18},"end":{"line":74,"column":1}},"3":{"start":{"line":28,"column":18},"end":{"line":28,"column":35}},"4":{"start":{"line":29,"column":50},"end":{"line":29,"column":71}},"5":{"start":{"line":30,"column":54},"end":{"line":30,"column":75}},"6":{"start":{"line":32,"column":33},"end":{"line":37,"column":3}},"7":{"start":{"line":33,"column":4},"end":{"line":33,"column":29}},"8":{"start":{"line":34,"column":4},"end":{"line":34,"column":29}},"9":{"start":{"line":35,"column":4},"end":{"line":35,"column":32}},"10":{"start":{"line":36,"column":4},"end":{"line":36,"column":32}},"11":{"start":{"line":39,"column":35},"end":{"line":44,"column":3}},"12":{"start":{"line":40,"column":4},"end":{"line":40,"column":31}},"13":{"start":{"line":41,"column":4},"end":{"line":41,"column":31}},"14":{"start":{"line":42,"column":4},"end":{"line":42,"column":30}},"15":{"start":{"line":43,"column":4},"end":{"line":43,"column":30}},"16":{"start":{"line":46,"column":2},"end":{"line":73,"column":4}}},"fnMap":{"0":{"name":"(anonymous_0)","decl":{"start":{"line":7,"column":35},"end":{"line":7,"column":36}},"loc":{"start":{"line":7,"column":47},"end":{"line":22,"column":1}},"line":7},"1":{"name":"(anonymous_1)","decl":{"start":{"line":24,"column":18},"end":{"line":24,"column":19}},"loc":{"start":{"line":27,"column":6},"end":{"line":74,"column":1}},"line":27},"2":{"name":"(anonymous_2)","decl":{"start":{"line":32,"column":33},"end":{"line":32,"column":34}},"loc":{"start":{"line":32,"column":45},"end":{"line":37,"column":3}},"line":32},"3":{"name":"(anonymous_3)","decl":{"start":{"line":39,"column":35},"end":{"line":39,"column":36}},"loc":{"start":{"line":39,"column":47},"end":{"line":44,"column":3}},"line":39}},"branchMap":{},"s":{"0":2,"1":2,"2":2,"3":2,"4":2,"5":2,"6":2,"7":0,"8":0,"9":0,"10":0,"11":2,"12":0,"13":0,"14":0,"15":0,"16":2},"f":{"0":2,"1":2,"2":0,"3":0},"b":{},"_coverageSchema":"1a1c01bbd47fc00a2c39e90264f33305004495a9","hash":"0d2b0c71e872af6e617f218b6519e97487aaa2bf"}
,"/Users/simonhowden/projects/reactjs/src/components/UninstalledSDK.js": {"path":"/Users/simonhowden/projects/reactjs/src/components/UninstalledSDK.js","statementMap":{"0":{"start":{"line":10,"column":29},"end":{"line":23,"column":3}},"1":{"start":{"line":10,"column":52},"end":{"line":23,"column":1}},"2":{"start":{"line":25,"column":23},"end":{"line":114,"column":1}},"3":{"start":{"line":26,"column":18},"end":{"line":26,"column":40}},"4":{"start":{"line":27,"column":38},"end":{"line":27,"column":59}},"5":{"start":{"line":28,"column":26},"end":{"line":28,"column":44}},"6":{"start":{"line":29,"column":46},"end":{"line":29,"column":64}},"7":{"start":{"line":31,"column":2},"end":{"line":49,"column":9}},"8":{"start":{"line":32,"column":4},"end":{"line":47,"column":8}},"9":{"start":{"line":35,"column":8},"end":{"line":35,"column":51}},"10":{"start":{"line":36,"column":8},"end":{"line":36,"column":20}},"11":{"start":{"line":38,"column":19},"end":{"line":38,"column":21}},"12":{"start":{"line":39,"column":8},"end":{"line":43,"column":11}},"13":{"start":{"line":40,"column":10},"end":{"line":42,"column":11}},"14":{"start":{"line":41,"column":12},"end":{"line":41,"column":55}},"15":{"start":{"line":44,"column":8},"end":{"line":44,"column":20}},"16":{"start":{"line":45,"column":8},"end":{"line":45,"column":32}},"17":{"start":{"line":46,"column":8},"end":{"line":46,"column":28}},"18":{"start":{"line":53,"column":4},"end":{"line":53,"column":83}},"19":{"start":{"line":57,"column":23},"end":{"line":57,"column":37}},"20":{"start":{"line":58,"column":4},"end":{"line":58,"column":39}},"21":{"start":{"line":61,"column":2},"end":{"line":113,"column":4}},"22":{"start":{"line":87,"column":28},"end":{"line":100,"column":29}},"23":{"start":{"line":91,"column":34},"end":{"line":97,"column":35}},"24":{"start":{"line":92,"column":36},"end":{"line":94,"column":37}},"25":{"start":{"line":96,"column":36},"end":{"line":96,"column":47}}},"fnMap":{"0":{"name":"(anonymous_0)","decl":{"start":{"line":10,"column":40},"end":{"line":10,"column":41}},"loc":{"start":{"line":10,"column":52},"end":{"line":23,"column":1}},"line":10},"1":{"name":"(anonymous_1)","decl":{"start":{"line":25,"column":23},"end":{"line":25,"column":24}},"loc":{"start":{"line":25,"column":29},"end":{"line":114,"column":1}},"line":25},"2":{"name":"(anonymous_2)","decl":{"start":{"line":31,"column":12},"end":{"line":31,"column":13}},"loc":{"start":{"line":31,"column":18},"end":{"line":49,"column":3}},"line":31},"3":{"name":"(anonymous_3)","decl":{"start":{"line":33,"column":12},"end":{"line":33,"column":13}},"loc":{"start":{"line":33,"column":19},"end":{"line":47,"column":7}},"line":33},"4":{"name":"(anonymous_4)","decl":{"start":{"line":39,"column":41},"end":{"line":39,"column":42}},"loc":{"start":{"line":39,"column":57},"end":{"line":43,"column":9}},"line":39},"5":{"name":"custom_sort","decl":{"start":{"line":52,"column":11},"end":{"line":52,"column":22}},"loc":{"start":{"line":52,"column":29},"end":{"line":54,"column":3}},"line":52},"6":{"name":"getReadableDate","decl":{"start":{"line":56,"column":11},"end":{"line":56,"column":26}},"loc":{"start":{"line":56,"column":33},"end":{"line":59,"column":3}},"line":56},"7":{"name":"(anonymous_7)","decl":{"start":{"line":86,"column":46},"end":{"line":86,"column":47}},"loc":{"start":{"line":86,"column":78},"end":{"line":101,"column":27}},"line":86},"8":{"name":"(anonymous_8)","decl":{"start":{"line":90,"column":63},"end":{"line":90,"column":64}},"loc":{"start":{"line":90,"column":81},"end":{"line":98,"column":33}},"line":90}},"branchMap":{"0":{"loc":{"start":{"line":40,"column":10},"end":{"line":42,"column":11}},"type":"if","locations":[{"start":{"line":40,"column":10},"end":{"line":42,"column":11}},{"start":{},"end":{}}],"line":40},"1":{"loc":{"start":{"line":72,"column":19},"end":{"line":73,"column":129}},"type":"binary-expr","locations":[{"start":{"line":72,"column":19},"end":{"line":72,"column":38}},{"start":{"line":73,"column":20},"end":{"line":73,"column":129}}],"line":72},"2":{"loc":{"start":{"line":76,"column":17},"end":{"line":79,"column":25}},"type":"binary-expr","locations":[{"start":{"line":76,"column":17},"end":{"line":76,"column":36}},{"start":{"line":77,"column":18},"end":{"line":79,"column":25}}],"line":76},"3":{"loc":{"start":{"line":82,"column":19},"end":{"line":104,"column":23}},"type":"binary-expr","locations":[{"start":{"line":82,"column":19},"end":{"line":82,"column":38}},{"start":{"line":83,"column":20},"end":{"line":104,"column":23}}],"line":82},"4":{"loc":{"start":{"line":91,"column":34},"end":{"line":97,"column":35}},"type":"if","locations":[{"start":{"line":91,"column":34},"end":{"line":97,"column":35}},{"start":{"line":95,"column":41},"end":{"line":97,"column":35}}],"line":91}},"s":{"0":1,"1":0,"2":1,"3":0,"4":0,"5":0,"6":0,"7":0,"8":0,"9":0,"10":0,"11":0,"12":0,"13":0,"14":0,"15":0,"16":0,"17":0,"18":0,"19":0,"20":0,"21":0,"22":0,"23":0,"24":0,"25":0},"f":{"0":0,"1":0,"2":0,"3":0,"4":0,"5":0,"6":0,"7":0,"8":0},"b":{"0":[0,0],"1":[0,0],"2":[0,0],"3":[0,0],"4":[0,0]},"_coverageSchema":"1a1c01bbd47fc00a2c39e90264f33305004495a9","hash":"ae993af70b073aab91ea05c7474acdfe18115c28"}
,"/Users/simonhowden/projects/reactjs/src/layouts/Home.js": {"path":"/Users/simonhowden/projects/reactjs/src/layouts/Home.js","statementMap":{"0":{"start":{"line":9,"column":19},"end":{"line":16,"column":3}},"1":{"start":{"line":9,"column":42},"end":{"line":16,"column":1}},"2":{"start":{"line":18,"column":13},"end":{"line":44,"column":1}},"3":{"start":{"line":19,"column":18},"end":{"line":19,"column":30}},"4":{"start":{"line":20,"column":50},"end":{"line":20,"column":71}},"5":{"start":{"line":21,"column":54},"end":{"line":21,"column":75}},"6":{"start":{"line":23,"column":2},"end":{"line":43,"column":4}}},"fnMap":{"0":{"name":"(anonymous_0)","decl":{"start":{"line":9,"column":30},"end":{"line":9,"column":31}},"loc":{"start":{"line":9,"column":42},"end":{"line":16,"column":1}},"line":9},"1":{"name":"(anonymous_1)","decl":{"start":{"line":18,"column":13},"end":{"line":18,"column":14}},"loc":{"start":{"line":18,"column":19},"end":{"line":44,"column":1}},"line":18}},"branchMap":{"0":{"loc":{"start":{"line":36,"column":8},"end":{"line":37,"column":24}},"type":"binary-expr","locations":[{"start":{"line":36,"column":8},"end":{"line":36,"column":33}},{"start":{"line":37,"column":8},"end":{"line":37,"column":24}}],"line":36},"1":{"loc":{"start":{"line":39,"column":8},"end":{"line":40,"column":26}},"type":"binary-expr","locations":[{"start":{"line":39,"column":8},"end":{"line":39,"column":35}},{"start":{"line":40,"column":8},"end":{"line":40,"column":26}}],"line":39}},"s":{"0":1,"1":1,"2":1,"3":1,"4":1,"5":1,"6":1},"f":{"0":1,"1":1},"b":{"0":[1,0],"1":[1,0]},"_coverageSchema":"1a1c01bbd47fc00a2c39e90264f33305004495a9","hash":"1f65d2a4f1cd5da075efe8ae4d75eae104faf4a7"}
}
