TN:
SF:src/components/InstalledSDK.js
FN:10,(anonymous_0)
FN:25,(anonymous_1)
FN:31,(anonymous_2)
FN:33,(anonymous_3)
FN:39,(anonymous_4)
FN:52,custom_sort
FN:56,getReadableDate
FN:86,(anonymous_7)
FN:90,(anonymous_8)
FNF:9
FNH:0
FNDA:0,(anonymous_0)
FNDA:0,(anonymous_1)
FNDA:0,(anonymous_2)
FNDA:0,(anonymous_3)
FNDA:0,(anonymous_4)
FNDA:0,custom_sort
FNDA:0,getReadableDate
FNDA:0,(anonymous_7)
FNDA:0,(anonymous_8)
DA:10,1
DA:25,1
DA:26,0
DA:27,0
DA:28,0
DA:29,0
DA:31,0
DA:32,0
DA:35,0
DA:36,0
DA:38,0
DA:39,0
DA:40,0
DA:41,0
DA:44,0
DA:45,0
DA:46,0
DA:53,0
DA:57,0
DA:58,0
DA:61,0
DA:87,0
DA:91,0
DA:92,0
DA:96,0
LF:25
LH:2
BRDA:40,0,0,0
BRDA:40,0,1,0
BRDA:72,1,0,0
BRDA:72,1,1,0
BRDA:76,2,0,0
BRDA:76,2,1,0
BRDA:82,3,0,0
BRDA:82,3,1,0
BRDA:91,4,0,0
BRDA:91,4,1,0
BRF:10
BRH:0
end_of_record
TN:
SF:src/components/SDKSwitch.js
FN:7,(anonymous_0)
FN:24,(anonymous_1)
FN:32,(anonymous_2)
FN:39,(anonymous_3)
FNF:4
FNH:2
FNDA:2,(anonymous_0)
FNDA:2,(anonymous_1)
FNDA:0,(anonymous_2)
FNDA:0,(anonymous_3)
DA:7,2
DA:24,2
DA:28,2
DA:29,2
DA:30,2
DA:32,2
DA:33,0
DA:34,0
DA:35,0
DA:36,0
DA:39,2
DA:40,0
DA:41,0
DA:42,0
DA:43,0
DA:46,2
LF:16
LH:8
BRF:0
BRH:0
end_of_record
TN:
SF:src/components/UninstalledSDK.js
FN:10,(anonymous_0)
FN:25,(anonymous_1)
FN:31,(anonymous_2)
FN:33,(anonymous_3)
FN:39,(anonymous_4)
FN:52,custom_sort
FN:56,getReadableDate
FN:86,(anonymous_7)
FN:90,(anonymous_8)
FNF:9
FNH:0
FNDA:0,(anonymous_0)
FNDA:0,(anonymous_1)
FNDA:0,(anonymous_2)
FNDA:0,(anonymous_3)
FNDA:0,(anonymous_4)
FNDA:0,custom_sort
FNDA:0,getReadableDate
FNDA:0,(anonymous_7)
FNDA:0,(anonymous_8)
DA:10,1
DA:25,1
DA:26,0
DA:27,0
DA:28,0
DA:29,0
DA:31,0
DA:32,0
DA:35,0
DA:36,0
DA:38,0
DA:39,0
DA:40,0
DA:41,0
DA:44,0
DA:45,0
DA:46,0
DA:53,0
DA:57,0
DA:58,0
DA:61,0
DA:87,0
DA:91,0
DA:92,0
DA:96,0
LF:25
LH:2
BRDA:40,0,0,0
BRDA:40,0,1,0
BRDA:72,1,0,0
BRDA:72,1,1,0
BRDA:76,2,0,0
BRDA:76,2,1,0
BRDA:82,3,0,0
BRDA:82,3,1,0
BRDA:91,4,0,0
BRDA:91,4,1,0
BRF:10
BRH:0
end_of_record
TN:
SF:src/layouts/Home.js
FN:9,(anonymous_0)
FN:18,(anonymous_1)
FNF:2
FNH:2
FNDA:1,(anonymous_0)
FNDA:1,(anonymous_1)
DA:9,1
DA:18,1
DA:19,1
DA:20,1
DA:21,1
DA:23,1
LF:6
LH:6
BRDA:36,0,0,1
BRDA:36,0,1,0
BRDA:39,1,0,1
BRDA:39,1,1,0
BRF:4
BRH:2
end_of_record
